Using pre-set license
Built from '2020.3/staging' branch; Version is '2020.3.18f1 (a7d1c678663c) revision 10998214'; Using compiler version '192528614'; Build Type 'Release'
OS: 'Windows 10 Pro; OS build 19042.1237; Version 2009; 64bit' Language: 'en' Physical Memory: 16305 MB
BatchMode: 1, IsHumanControllingUs: 0, StartBugReporterOnCrash: 0, Is64bit: 1, IsPro: 0

COMMAND LINE ARGUMENTS:
C:\Program Files\Unity\Hub\Editor\2020.3.18f1\Editor\Unity.exe
-adb2
-batchMode
-noUpm
-name
AssetImportWorker0
-projectPath
D:/Users/Pavel/Documents/GitHub/CS_SimpleProject/Simple Project
-logFile
Logs/AssetImportWorker0.log
-srvPort
52337
Successfully changed project path to: D:/Users/Pavel/Documents/GitHub/CS_SimpleProject/Simple Project
D:/Users/Pavel/Documents/GitHub/CS_SimpleProject/Simple Project
Using Asset Import Pipeline V2.
Refreshing native plugins compatible for Editor in 20.14 ms, found 2 plugins.
Preloading 0 native plugins for Editor in 0.00 ms.
Initialize engine version: 2020.3.18f1 (a7d1c678663c)
[Subsystems] Discovering subsystems at path C:/Program Files/Unity/Hub/Editor/2020.3.18f1/Editor/Data/Resources/UnitySubsystems
[Subsystems] Discovering subsystems at path D:/Users/Pavel/Documents/GitHub/CS_SimpleProject/Simple Project/Assets
GfxDevice: creating device client; threaded=0
Direct3D:
    Version:  Direct3D 11.0 [level 11.1]
    Renderer: NVIDIA GeForce RTX 3060 (ID=0x2503)
    Vendor:   
    VRAM:     12143 MB
    Driver:   30.0.14.7168
Initialize mono
Mono path[0] = 'C:/Program Files/Unity/Hub/Editor/2020.3.18f1/Editor/Data/Managed'
Mono path[1] = 'C:/Program Files/Unity/Hub/Editor/2020.3.18f1/Editor/Data/MonoBleedingEdge/lib/mono/unityjit'
Mono config path = 'C:/Program Files/Unity/Hub/Editor/2020.3.18f1/Editor/Data/MonoBleedingEdge/etc'
Using monoOptions --debugger-agent=transport=dt_socket,embedding=1,server=y,suspend=n,address=127.0.0.1:56744
Begin MonoManager ReloadAssembly
Registering precompiled unity dll's ...
Register platform support module: C:/Program Files/Unity/Hub/Editor/2020.3.18f1/Editor/Data/PlaybackEngines/WebGLSupport/UnityEditor.WebGL.Extensions.dll
Register platform support module: C:/Program Files/Unity/Hub/Editor/2020.3.18f1/Editor/Data/PlaybackEngines/WindowsStandaloneSupport/UnityEditor.WindowsStandalone.Extensions.dll
Registered in 0.001659 seconds.
Native extension for WindowsStandalone target not found
Native extension for WebGL target not found
Refreshing native plugins compatible for Editor in 19.30 ms, found 2 plugins.
Preloading 0 native plugins for Editor in 0.00 ms.
Mono: successfully reloaded assembly
- Completed reload, in  0.777 seconds
Domain Reload Profiling:
	ReloadAssembly (777ms)
		BeginReloadAssembly (35ms)
			ExecutionOrderSort (0ms)
			DisableScriptedObjects (0ms)
			BackupInstance (0ms)
			ReleaseScriptingObjects (0ms)
			CreateAndSetChildDomain (0ms)
		EndReloadAssembly (262ms)
			LoadAssemblies (34ms)
			RebuildTransferFunctionScriptingTraits (0ms)
			SetupTypeCache (98ms)
			ReleaseScriptCaches (0ms)
			RebuildScriptCaches (18ms)
			SetupLoadedEditorAssemblies (101ms)
				LogAssemblyErrors (0ms)
				InitializePlatformSupportModulesInManaged (3ms)
				SetLoadedEditorAssemblies (0ms)
				RefreshPlugins (19ms)
				BeforeProcessingInitializeOnLoad (10ms)
				ProcessInitializeOnLoadAttributes (51ms)
				ProcessInitializeOnLoadMethodAttributes (17ms)
				AfterProcessingInitializeOnLoad (0ms)
				EditorAssembliesLoaded (0ms)
			ExecutionOrderSort2 (0ms)
			AwakeInstancesAfterBackupRestoration (0ms)
Platform modules already initialized, skipping
Registering precompiled user dll's ...
Registered in 0.001173 seconds.
Begin MonoManager ReloadAssembly
Native extension for WindowsStandalone target not found
Native extension for WebGL target not found
Refreshing native plugins compatible for Editor in 0.27 ms, found 2 plugins.
Preloading 0 native plugins for Editor in 0.00 ms.
Mono: successfully reloaded assembly
- Completed reload, in  0.617 seconds
Domain Reload Profiling:
	ReloadAssembly (618ms)
		BeginReloadAssembly (93ms)
			ExecutionOrderSort (0ms)
			DisableScriptedObjects (3ms)
			BackupInstance (0ms)
			ReleaseScriptingObjects (0ms)
			CreateAndSetChildDomain (14ms)
		EndReloadAssembly (486ms)
			LoadAssemblies (56ms)
			RebuildTransferFunctionScriptingTraits (0ms)
			SetupTypeCache (159ms)
			ReleaseScriptCaches (0ms)
			RebuildScriptCaches (24ms)
			SetupLoadedEditorAssemblies (192ms)
				LogAssemblyErrors (0ms)
				InitializePlatformSupportModulesInManaged (4ms)
				SetLoadedEditorAssemblies (0ms)
				RefreshPlugins (0ms)
				BeforeProcessingInitializeOnLoad (49ms)
				ProcessInitializeOnLoadAttributes (131ms)
				ProcessInitializeOnLoadMethodAttributes (3ms)
				AfterProcessingInitializeOnLoad (4ms)
				EditorAssembliesLoaded (0ms)
			ExecutionOrderSort2 (0ms)
			AwakeInstancesAfterBackupRestoration (4ms)
Platform modules already initialized, skipping
========================================================================
Worker process is ready to serve import requests
Launched and connected shader compiler UnityShaderCompiler.exe after 0.05 seconds
Refreshing native plugins compatible for Editor in 0.28 ms, found 2 plugins.
Preloading 0 native plugins for Editor in 0.00 ms.
Unloading 1417 Unused Serialized files (Serialized files now loaded: 0)
System memory in use before: 67.2 MB.
System memory in use after: 67.3 MB.

Unloading 16 unused Assets to reduce memory usage. Loaded Objects now: 1853.
Total: 2.065000 ms (FindLiveObjects: 0.106900 ms CreateObjectMapping: 0.034500 ms MarkObjects: 1.877900 ms  DeleteObjects: 0.045200 ms)

AssetImportParameters requested are different than current active one (requested -> active):
  custom:framework-win-MediaFoundation: 216162199b28c13a410421893ffa2e32 -> 
  custom:video-decoder-ogg-theora: a1e56fd34408186e4bbccfd4996cb3dc -> 
  custom:container-muxer-webm: aa71ff27fc2769a1b78a27578f13a17b -> 
  custom:container-demuxer-webm: 4f35f7cbe854078d1ac9338744f61a02 -> 
  custom:container-demuxer-ogg: 62fdf1f143b41e24485cea50d1cbac27 -> 
  custom:video-encoder-webm-vp8: eb34c28f22e8b96e1ab97ce403110664 -> 
  custom:video-decoder-webm-vp8: 9c59270c3fd7afecdb556c50c9e8de78 -> 
  custom:audio-decoder-ogg-vorbis: bf7c407c2cedff20999df2af8eb42d56 -> 
  custom:audio-encoder-webm-vorbis: bf7c407c2cedff20999df2af8eb42d56 -> 
========================================================================
Received Import Request.
  path: Assets/ObstacleAssets
  artifactKey: Guid(1f4516dab43560e49a684787147fc297) Importer(815301076,1909f56bfc062723c751e8b465ee728b)
Start importing Assets/ObstacleAssets using Guid(1f4516dab43560e49a684787147fc297) Importer(815301076,1909f56bfc062723c751e8b465ee728b)  -> (artifact id: '657ab8bd6322758c6749bfd24d90e47d') in 0.007585 seconds 
  Import took 0.009220 seconds .

========================================================================
Received Prepare
Registering precompiled user dll's ...
Registered in 0.001164 seconds.
Begin MonoManager ReloadAssembly
Native extension for WindowsStandalone target not found
Native extension for WebGL target not found
Refreshing native plugins compatible for Editor in 0.28 ms, found 2 plugins.
Preloading 0 native plugins for Editor in 0.00 ms.
Mono: successfully reloaded assembly
- Completed reload, in  0.594 seconds
Domain Reload Profiling:
	ReloadAssembly (594ms)
		BeginReloadAssembly (82ms)
			ExecutionOrderSort (0ms)
			DisableScriptedObjects (3ms)
			BackupInstance (0ms)
			ReleaseScriptingObjects (0ms)
			CreateAndSetChildDomain (23ms)
		EndReloadAssembly (469ms)
			LoadAssemblies (54ms)
			RebuildTransferFunctionScriptingTraits (0ms)
			SetupTypeCache (153ms)
			ReleaseScriptCaches (1ms)
			RebuildScriptCaches (22ms)
			SetupLoadedEditorAssemblies (186ms)
				LogAssemblyErrors (0ms)
				InitializePlatformSupportModulesInManaged (4ms)
				SetLoadedEditorAssemblies (0ms)
				RefreshPlugins (0ms)
				BeforeProcessingInitializeOnLoad (51ms)
				ProcessInitializeOnLoadAttributes (124ms)
				ProcessInitializeOnLoadMethodAttributes (2ms)
				AfterProcessingInitializeOnLoad (4ms)
				EditorAssembliesLoaded (0ms)
			ExecutionOrderSort2 (0ms)
			AwakeInstancesAfterBackupRestoration (4ms)
Platform modules already initialized, skipping
Refreshing native plugins compatible for Editor in 0.20 ms, found 2 plugins.
Preloading 0 native plugins for Editor in 0.00 ms.
Unloading 1400 Unused Serialized files (Serialized files now loaded: 0)
System memory in use before: 65.8 MB.
System memory in use after: 65.9 MB.

Unloading 11 unused Assets to reduce memory usage. Loaded Objects now: 1857.
Total: 2.035500 ms (FindLiveObjects: 0.109000 ms CreateObjectMapping: 0.031500 ms MarkObjects: 1.881600 ms  DeleteObjects: 0.012800 ms)

AssetImportParameters requested are different than current active one (requested -> active):
  custom:framework-win-MediaFoundation: 216162199b28c13a410421893ffa2e32 -> 
  custom:video-decoder-ogg-theora: a1e56fd34408186e4bbccfd4996cb3dc -> 
  custom:container-muxer-webm: aa71ff27fc2769a1b78a27578f13a17b -> 
  custom:container-demuxer-webm: 4f35f7cbe854078d1ac9338744f61a02 -> 
  custom:container-demuxer-ogg: 62fdf1f143b41e24485cea50d1cbac27 -> 
  custom:video-encoder-webm-vp8: eb34c28f22e8b96e1ab97ce403110664 -> 
  custom:video-decoder-webm-vp8: 9c59270c3fd7afecdb556c50c9e8de78 -> 
  custom:audio-decoder-ogg-vorbis: bf7c407c2cedff20999df2af8eb42d56 -> 
  custom:audio-encoder-webm-vorbis: bf7c407c2cedff20999df2af8eb42d56 -> 
========================================================================
Received Import Request.
  Time since last request: 44.056795 seconds.
  path: Assets/ObstacleAssets/Obstacles
  artifactKey: Guid(55efd025022686346a9652b417ce15a7) Importer(815301076,1909f56bfc062723c751e8b465ee728b)
Start importing Assets/ObstacleAssets/Obstacles using Guid(55efd025022686346a9652b417ce15a7) Importer(815301076,1909f56bfc062723c751e8b465ee728b)  -> (artifact id: '6674d01272f08e744e521abc91c8e875') in 0.007032 seconds 
  Import took 0.009180 seconds .

========================================================================
Received Import Request.
  Time since last request: 0.068959 seconds.
  path: Assets/ObstacleAssets/Obstacles/TripleStack.prefab
  artifactKey: Guid(1082afe5804415144880bcf481e3482c) Importer(815301076,1909f56bfc062723c751e8b465ee728b)
Start importing Assets/ObstacleAssets/Obstacles/TripleStack.prefab using Guid(1082afe5804415144880bcf481e3482c) Importer(815301076,1909f56bfc062723c751e8b465ee728b)  -> (artifact id: '6b9ee9d2a98fde2102f84f36f3513396') in 0.060105 seconds 
  Import took 0.062014 seconds .

========================================================================
Received Import Request.
  Time since last request: 0.000144 seconds.
  path: Assets/ObstacleAssets/Obstacles/UpAndDownPropeller.prefab
  artifactKey: Guid(098372952b25ec84f8fd41bdfb773b48) Importer(815301076,1909f56bfc062723c751e8b465ee728b)
Start importing Assets/ObstacleAssets/Obstacles/UpAndDownPropeller.prefab using Guid(098372952b25ec84f8fd41bdfb773b48) Importer(815301076,1909f56bfc062723c751e8b465ee728b)  -> (artifact id: 'be9298403485125903c92fd34244d8f7') in 0.009856 seconds 
  Import took 0.011307 seconds .

========================================================================
Received Import Request.
  Time since last request: 16.606023 seconds.
  path: Assets/ObstacleAssets/Scripts/BackAndForthPosition.cs
  artifactKey: Guid(b060c19b3d278044c8fc8e41c1fe4a40) Importer(815301076,1909f56bfc062723c751e8b465ee728b)
Start importing Assets/ObstacleAssets/Scripts/BackAndForthPosition.cs using Guid(b060c19b3d278044c8fc8e41c1fe4a40) Importer(815301076,1909f56bfc062723c751e8b465ee728b)  -> (artifact id: 'd17c7e9e567acf0a526f3ed22c09b269') in 0.006057 seconds 
  Import took 0.007803 seconds .

========================================================================
Received Import Request.
  Time since last request: 0.014202 seconds.
  path: Assets/ObstacleAssets/Scripts/BackAndForthPosition.cs
  artifactKey: Guid(b060c19b3d278044c8fc8e41c1fe4a40) Importer(815301076,1909f56bfc062723c751e8b465ee728b)
Start importing Assets/ObstacleAssets/Scripts/BackAndForthPosition.cs using Guid(b060c19b3d278044c8fc8e41c1fe4a40) Importer(815301076,1909f56bfc062723c751e8b465ee728b)  -> (artifact id: 'd17c7e9e567acf0a526f3ed22c09b269') in 0.001008 seconds 
  Import took 0.002441 seconds .

========================================================================
Received Import Request.
  Time since last request: 2.686342 seconds.
  path: Assets/ObstacleAssets/Scripts/BackAndForthRotation.cs
  artifactKey: Guid(7e3e5c0481a306e488a71bbd5d2b7c62) Importer(815301076,1909f56bfc062723c751e8b465ee728b)
Start importing Assets/ObstacleAssets/Scripts/BackAndForthRotation.cs using Guid(7e3e5c0481a306e488a71bbd5d2b7c62) Importer(815301076,1909f56bfc062723c751e8b465ee728b)  -> (artifact id: '1744e76cf51df3bff7d2f2140f765d51') in 0.009100 seconds 
  Import took 0.010911 seconds .

